Fitted zlm on 1430 genes and 10348 cells.
 Using BayesGLMlike ~ Population 
[1] "Alveolar_macrophages"
Fitted zlm on 1966 genes and 10348 cells.
 Using BayesGLMlike ~ Population 
[1] "Proliferating_macrophages"
Fitted zlm on 1758 genes and 10348 cells.
 Using BayesGLMlike ~ Population 
[1] "AT2_cells"
Fitted zlm on 801 genes and 10348 cells.
 Using BayesGLMlike ~ Population 
[1] "Club_cells"
Fitted zlm on 2149 genes and 10348 cells.
 Using BayesGLMlike ~ Population 
[1] "Fibroblasts"
Fitted zlm on 603 genes and 10348 cells.
 Using BayesGLMlike ~ Population 
[1] "NK_cells_2"
Fitted zlm on 823 genes and 10348 cells.
 Using BayesGLMlike ~ Population 
[1] "Conventional_dendritic"
Fitted zlm on 2413 genes and 10348 cells.
 Using BayesGLMlike ~ Population 
[1] "Mesothelial_cells"
Fitted zlm on 505 genes and 10348 cells.
 Using BayesGLMlike ~ Population 
[1] "Non-classical_monocytes"
Fitted zlm on 468 genes and 10348 cells.
 Using BayesGLMlike ~ Population 
[1] "NK_cells_1"
Fitted zlm on 425 genes and 10348 cells.
 Using BayesGLMlike ~ Population 
[1] "Naive_T_cells"
Fitted zlm on 408 genes and 10348 cells.
 Using BayesGLMlike ~ Population 
[1] "CD8_T_cells"
Fitted zlm on 1747 genes and 10348 cells.
 Using BayesGLMlike ~ Population 
[1] "AT1_cells"
Fitted zlm on 2157 genes and 10348 cells.
 Using BayesGLMlike ~ Population 
[1] "Proliferating_T_cells"
Fitted zlm on 2980 genes and 10348 cells.
 Using BayesGLMlike ~ Population 
[1] "Endothelial_arterial_2"
Fitted zlm on 485 genes and 10348 cells.
 Using BayesGLMlike ~ Population 
[1] "Classical_monocytes"
Fitted zlm on 385 genes and 10348 cells.
 Using BayesGLMlike ~ Population 
[1] "B_cells"
Fitted zlm on 2305 genes and 10348 cells.
 Using BayesGLMlike ~ Population 
[1] "Smooth_muscle_cells"
Fitted zlm on 2127 genes and 10348 cells.
 Using BayesGLMlike ~ Population 
[1] "Ciliated_cells"
Fitted zlm on 938 genes and 10348 cells.
 Using BayesGLMlike ~ Population 
[1] "Interstitial_macrophages"
Fitted zlm on 503 genes and 10348 cells.
 Using BayesGLMlike ~ Population 
[1] "Regulatory_T_cells"
Fitted zlm on 421 genes and 10348 cells.
 Using BayesGLMlike ~ Population 
[1] "Neutrophils"
Fitted zlm on 1109 genes and 10348 cells.
 Using BayesGLMlike ~ Population 
[1] "T_cells_Serpinb6"
Fitted zlm on 945 genes and 10348 cells.
 Using BayesGLMlike ~ Population 
[1] "ILC2"
Fitted zlm on 1617 genes and 10348 cells.
 Using BayesGLMlike ~ Population 
[1] "Mast_cells"
Fitted zlm on 1417 genes and 10348 cells.
 Using BayesGLMlike ~ Population 
[1] "Plasmacytoid_dendritic"
Fitted zlm on 1734 genes and 10348 cells.
 Using BayesGLMlike ~ Population 
[1] "Endothelial_arterial_1"
Fitted zlm on 2026 genes and 10348 cells.
 Using BayesGLMlike ~ Population 
[1] "Endothelial_capillary"
